CRITICAL - 2022-02-21 19:39:38 --> Invalid argument supplied for foreach()
#0 C:\ukk 2022\codeigniter4-CodeIgniter4-70d881c\app\Views\catatan_perjalanan.php(26): CodeIgniter\Debug\Exceptions->errorHandler(2, 'Invalid argumen...', 'C:\\ukk 2022\\cod...', 26, Array)
#1 C:\ukk 2022\codeigniter4-CodeIgniter4-70d881c\system\View\View.php(210): include('C:\\ukk 2022\\cod...')
#2 C:\ukk 2022\codeigniter4-CodeIgniter4-70d881c\system\View\View.php(213): CodeIgniter\View\View->CodeIgniter\View\{closure}()
#3 C:\ukk 2022\codeigniter4-CodeIgniter4-70d881c\system\Common.php(1089): CodeIgniter\View\View->render('catatan_perjala...', Array, true)
#4 C:\ukk 2022\codeigniter4-CodeIgniter4-70d881c\app\Controllers\CatatanPerjalanan.php(28): view('catatan_perjala...', Array)
#5 C:\ukk 2022\codeigniter4-CodeIgniter4-70d881c\system\CodeIgniter.php(825): App\Controllers\CatatanPerjalanan->index()
#6 C:\ukk 2022\codeigniter4-CodeIgniter4-70d881c\system\CodeIgniter.php(412): CodeIgniter\CodeIgniter->runController(Object(App\Controllers\CatatanPerjalanan))
#7 C:\ukk 2022\codeigniter4-CodeIgniter4-70d881c\system\CodeIgniter.php(320): CodeIgniter\CodeIgniter->handleRequest(NULL, Object(Config\Cache), false)
#8 C:\ukk 2022\codeigniter4-CodeIgniter4-70d881c\public\index.php(37): CodeIgniter\CodeIgniter->run()
#9 C:\ukk 2022\codeigniter4-CodeIgniter4-70d881c\system\Commands\Server\rewrite.php(43): require_once('C:\\ukk 2022\\cod...')
#10 {main}
CRITICAL - 2022-02-21 19:40:05 --> Invalid argument supplied for foreach()
#0 C:\ukk 2022\codeigniter4-CodeIgniter4-70d881c\app\Views\catatan_perjalanan.php(26): CodeIgniter\Debug\Exceptions->errorHandler(2, 'Invalid argumen...', 'C:\\ukk 2022\\cod...', 26, Array)
#1 C:\ukk 2022\codeigniter4-CodeIgniter4-70d881c\system\View\View.php(210): include('C:\\ukk 2022\\cod...')
#2 C:\ukk 2022\codeigniter4-CodeIgniter4-70d881c\system\View\View.php(213): CodeIgniter\View\View->CodeIgniter\View\{closure}()
#3 C:\ukk 2022\codeigniter4-CodeIgniter4-70d881c\system\Common.php(1089): CodeIgniter\View\View->render('catatan_perjala...', Array, true)
#4 C:\ukk 2022\codeigniter4-CodeIgniter4-70d881c\app\Controllers\CatatanPerjalanan.php(28): view('catatan_perjala...', Array)
#5 C:\ukk 2022\codeigniter4-CodeIgniter4-70d881c\system\CodeIgniter.php(825): App\Controllers\CatatanPerjalanan->index()
#6 C:\ukk 2022\codeigniter4-CodeIgniter4-70d881c\system\CodeIgniter.php(412): CodeIgniter\CodeIgniter->runController(Object(App\Controllers\CatatanPerjalanan))
#7 C:\ukk 2022\codeigniter4-CodeIgniter4-70d881c\system\CodeIgniter.php(320): CodeIgniter\CodeIgniter->handleRequest(NULL, Object(Config\Cache), false)
#8 C:\ukk 2022\codeigniter4-CodeIgniter4-70d881c\public\index.php(37): CodeIgniter\CodeIgniter->run()
#9 C:\ukk 2022\codeigniter4-CodeIgniter4-70d881c\system\Commands\Server\rewrite.php(43): require_once('C:\\ukk 2022\\cod...')
#10 {main}
CRITICAL - 2022-02-21 19:41:17 --> Invalid argument supplied for foreach()
#0 C:\ukk 2022\codeigniter4-CodeIgniter4-70d881c\app\Views\catatan_perjalanan.php(26): CodeIgniter\Debug\Exceptions->errorHandler(2, 'Invalid argumen...', 'C:\\ukk 2022\\cod...', 26, Array)
#1 C:\ukk 2022\codeigniter4-CodeIgniter4-70d881c\system\View\View.php(210): include('C:\\ukk 2022\\cod...')
#2 C:\ukk 2022\codeigniter4-CodeIgniter4-70d881c\system\View\View.php(213): CodeIgniter\View\View->CodeIgniter\View\{closure}()
#3 C:\ukk 2022\codeigniter4-CodeIgniter4-70d881c\system\Common.php(1089): CodeIgniter\View\View->render('catatan_perjala...', Array, true)
#4 C:\ukk 2022\codeigniter4-CodeIgniter4-70d881c\app\Controllers\CatatanPerjalanan.php(28): view('catatan_perjala...', Array)
#5 C:\ukk 2022\codeigniter4-CodeIgniter4-70d881c\system\CodeIgniter.php(825): App\Controllers\CatatanPerjalanan->index()
#6 C:\ukk 2022\codeigniter4-CodeIgniter4-70d881c\system\CodeIgniter.php(412): CodeIgniter\CodeIgniter->runController(Object(App\Controllers\CatatanPerjalanan))
#7 C:\ukk 2022\codeigniter4-CodeIgniter4-70d881c\system\CodeIgniter.php(320): CodeIgniter\CodeIgniter->handleRequest(NULL, Object(Config\Cache), false)
#8 C:\ukk 2022\codeigniter4-CodeIgniter4-70d881c\public\index.php(37): CodeIgniter\CodeIgniter->run()
#9 C:\ukk 2022\codeigniter4-CodeIgniter4-70d881c\system\Commands\Server\rewrite.php(43): require_once('C:\\ukk 2022\\cod...')
#10 {main}
